

Version:	3.9
CmdLine:	D:\NextCloud\JavaDevelopment\WakkenSpelV2.0\Exports\WakkenSpelV2.2.exe --l4j-debug
WOW64:		yes
Working dir:	D:\NextCloud\JavaDevelopment\WakkenSpelV2.0\Exports\.
64-bit search:	SOFTWARE\JavaSoft\Java Runtime Environment...
Check:		SOFTWARE\JavaSoft\Java Runtime Environment\1.8
Ignore:		1.8
Check:		SOFTWARE\JavaSoft\Java Runtime Environment\1.8.0_111
Ignore:		1.8.0_111
Check:		SOFTWARE\JavaSoft\Java Runtime Environment\1.8.0_91
Ignore:		1.8.0_091
32-bit search:	SOFTWARE\JavaSoft\Java Runtime Environment...
64-bit search:	SOFTWARE\JavaSoft\Java Development Kit...
Check:		SOFTWARE\JavaSoft\Java Development Kit\1.8
Ignore:		1.8
Check:		SOFTWARE\JavaSoft\Java Development Kit\1.8.0_111
Ignore:		1.8.0_111
32-bit search:	SOFTWARE\JavaSoft\Java Development Kit...
64-bit search:	SOFTWARE\IBM\Java2 Runtime Environment...
32-bit search:	SOFTWARE\IBM\Java2 Runtime Environment...
64-bit search:	SOFTWARE\IBM\Java Development Kit...
32-bit search:	SOFTWARE\IBM\Java Development Kit...
Error msg:	This application requires a Java Runtime Environment 7.0.0
Open URL:	http://java.com/download


Version:	3.9
CmdLine:	D:\NextCloud\JavaDevelopment\WakkenSpelV2.0\Exports\WakkenSpelV2.2.exe --l4j-debug
WOW64:		yes
Working dir:	D:\NextCloud\JavaDevelopment\WakkenSpelV2.0\Exports\.
64-bit search:	SOFTWARE\JavaSoft\Java Runtime Environment...
Check:		SOFTWARE\JavaSoft\Java Runtime Environment\1.8
Ignore:		1.8
Check:		SOFTWARE\JavaSoft\Java Runtime Environment\1.8.0_111
Ignore:		1.8.0_111
Check:		SOFTWARE\JavaSoft\Java Runtime Environment\1.8.0_91
Ignore:		1.8.0_091
32-bit search:	SOFTWARE\JavaSoft\Java Runtime Environment...
64-bit search:	SOFTWARE\JavaSoft\Java Development Kit...
Check:		SOFTWARE\JavaSoft\Java Development Kit\1.8
Ignore:		1.8
Check:		SOFTWARE\JavaSoft\Java Development Kit\1.8.0_111
Ignore:		1.8.0_111
32-bit search:	SOFTWARE\JavaSoft\Java Development Kit...
64-bit search:	SOFTWARE\IBM\Java2 Runtime Environment...
32-bit search:	SOFTWARE\IBM\Java2 Runtime Environment...
64-bit search:	SOFTWARE\IBM\Java Development Kit...
32-bit search:	SOFTWARE\IBM\Java Development Kit...
Error msg:	This application requires a Java Runtime Environment 7.0.0
Open URL:	http://java.com/download


Version:	3.9
CmdLine:	D:\NextCloud\JavaDevelopment\WakkenSpelV2.0\Exports\WakkenSpelV2.2.exe --l4j-debug
WOW64:		yes
Working dir:	D:\NextCloud\JavaDevelopment\WakkenSpelV2.0\Exports\.
64-bit search:	SOFTWARE\JavaSoft\Java Runtime Environment...
Check:		SOFTWARE\JavaSoft\Java Runtime Environment\1.8
Ignore:		1.8
Check:		SOFTWARE\JavaSoft\Java Runtime Environment\1.8.0_111
Ignore:		1.8.0_111
Check:		SOFTWARE\JavaSoft\Java Runtime Environment\1.8.0_91
Ignore:		1.8.0_091
32-bit search:	SOFTWARE\JavaSoft\Java Runtime Environment...
64-bit search:	SOFTWARE\JavaSoft\Java Development Kit...
Check:		SOFTWARE\JavaSoft\Java Development Kit\1.8
Ignore:		1.8
Check:		SOFTWARE\JavaSoft\Java Development Kit\1.8.0_111
Ignore:		1.8.0_111
32-bit search:	SOFTWARE\JavaSoft\Java Development Kit...
64-bit search:	SOFTWARE\IBM\Java2 Runtime Environment...
32-bit search:	SOFTWARE\IBM\Java2 Runtime Environment...
64-bit search:	SOFTWARE\IBM\Java Development Kit...
32-bit search:	SOFTWARE\IBM\Java Development Kit...
Error msg:	This application requires a Java Runtime Environment 7.0.0
Open URL:	http://java.com/download


Version:	3.9
CmdLine:	D:\NextCloud\JavaDevelopment\WakkenSpelV2.0\Exports\WakkenSpelV2.2.exe --l4j-debug
WOW64:		yes
Working dir:	D:\NextCloud\JavaDevelopment\WakkenSpelV2.0\Exports\.
64-bit search:	SOFTWARE\JavaSoft\Java Runtime Environment...
Check:		SOFTWARE\JavaSoft\Java Runtime Environment\1.8
Ignore:		1.8
Check:		SOFTWARE\JavaSoft\Java Runtime Environment\1.8.0_111
Ignore:		1.8.0_111
Check:		SOFTWARE\JavaSoft\Java Runtime Environment\1.8.0_91
Ignore:		1.8.0_091
32-bit search:	SOFTWARE\JavaSoft\Java Runtime Environment...
64-bit search:	SOFTWARE\JavaSoft\Java Development Kit...
Check:		SOFTWARE\JavaSoft\Java Development Kit\1.8
Ignore:		1.8
Check:		SOFTWARE\JavaSoft\Java Development Kit\1.8.0_111
Ignore:		1.8.0_111
32-bit search:	SOFTWARE\JavaSoft\Java Development Kit...
64-bit search:	SOFTWARE\IBM\Java2 Runtime Environment...
32-bit search:	SOFTWARE\IBM\Java2 Runtime Environment...
64-bit search:	SOFTWARE\IBM\Java Development Kit...
32-bit search:	SOFTWARE\IBM\Java Development Kit...
Error msg:	This application requires a Java Runtime Environment 7.0.0
Open URL:	http://java.com/download


Version:	3.9
CmdLine:	D:\NextCloud\JavaDevelopment\WakkenSpelV2.0\Exports\WakkenSpelV2.2.exe --l4j-debug
WOW64:		yes
Working dir:	D:\NextCloud\JavaDevelopment\WakkenSpelV2.0\Exports\.
64-bit search:	SOFTWARE\JavaSoft\Java Runtime Environment...
Check:		SOFTWARE\JavaSoft\Java Runtime Environment\1.8
Check launcher:	C:\Program Files\Java\jre1.8.0_111\bin\javaw.exe (OK)
Match:		1.8
Check:		SOFTWARE\JavaSoft\Java Runtime Environment\1.8.0_111
Check launcher:	C:\Program Files\Java\jre1.8.0_111\bin\javaw.exe (OK)
Match:		1.8.0_111
Check:		SOFTWARE\JavaSoft\Java Runtime Environment\1.8.0_91
Ignore:		1.8.0_091
64-bit search:	SOFTWARE\JavaSoft\Java Development Kit...
Check:		SOFTWARE\JavaSoft\Java Development Kit\1.8
Ignore:		1.8
Check:		SOFTWARE\JavaSoft\Java Development Kit\1.8.0_111
Ignore:		1.8.0_111
Runtime used:	1.8.0_111 (64-bit)
Launcher:	C:\Program Files\Java\jre1.8.0_111\bin\javaw.exe
Launcher args:	-jar "D:\NextCloud\JavaDevelopment\WakkenSpelV2.0\Exports\WakkenSpelV2.2.exe"
Args length:	77/32768 chars
Exit code:	0


Version:	3.9
CmdLine:	D:\NextCloud\JavaDevelopment\WakkenSpelV2.0\Exports\WakkenSpelV2.2.exe --l4j-debug
WOW64:		yes
Working dir:	D:\NextCloud\JavaDevelopment\WakkenSpelV2.0\Exports\.
64-bit search:	SOFTWARE\JavaSoft\Java Runtime Environment...
Check:		SOFTWARE\JavaSoft\Java Runtime Environment\1.8
Ignore:		1.8
Check:		SOFTWARE\JavaSoft\Java Runtime Environment\1.8.0_111
Ignore:		1.8.0_111
Check:		SOFTWARE\JavaSoft\Java Runtime Environment\1.8.0_91
Ignore:		1.8.0_091
32-bit search:	SOFTWARE\JavaSoft\Java Runtime Environment...
64-bit search:	SOFTWARE\JavaSoft\Java Development Kit...
Check:		SOFTWARE\JavaSoft\Java Development Kit\1.8
Ignore:		1.8
Check:		SOFTWARE\JavaSoft\Java Development Kit\1.8.0_111
Ignore:		1.8.0_111
32-bit search:	SOFTWARE\JavaSoft\Java Development Kit...
64-bit search:	SOFTWARE\IBM\Java2 Runtime Environment...
32-bit search:	SOFTWARE\IBM\Java2 Runtime Environment...
64-bit search:	SOFTWARE\IBM\Java Development Kit...
32-bit search:	SOFTWARE\IBM\Java Development Kit...
Error msg:	This application requires a Java Runtime Environment 6.0.0
Open URL:	http://java.com/download


Version:	3.9
CmdLine:	D:\NextCloud\JavaDevelopment\WakkenSpelV2.0\Exports\WakkenSpelV2.2.exe --l4j-debug
WOW64:		yes
Working dir:	D:\NextCloud\JavaDevelopment\WakkenSpelV2.0\Exports\.
64-bit search:	SOFTWARE\JavaSoft\Java Runtime Environment...
Check:		SOFTWARE\JavaSoft\Java Runtime Environment\1.8
Check launcher:	C:\Program Files\Java\jre1.8.0_111\bin\javaw.exe (OK)
Match:		1.8
Check:		SOFTWARE\JavaSoft\Java Runtime Environment\1.8.0_111
Check launcher:	C:\Program Files\Java\jre1.8.0_111\bin\javaw.exe (OK)
Match:		1.8.0_111
Check:		SOFTWARE\JavaSoft\Java Runtime Environment\1.8.0_91
Ignore:		1.8.0_091
64-bit search:	SOFTWARE\JavaSoft\Java Development Kit...
Check:		SOFTWARE\JavaSoft\Java Development Kit\1.8
Ignore:		1.8
Check:		SOFTWARE\JavaSoft\Java Development Kit\1.8.0_111
Ignore:		1.8.0_111
Runtime used:	1.8.0_111 (64-bit)
Launcher:	C:\Program Files\Java\jre1.8.0_111\bin\javaw.exe
Launcher args:	-jar "D:\NextCloud\JavaDevelopment\WakkenSpelV2.0\Exports\WakkenSpelV2.2.exe"
Args length:	77/32768 chars
Exit code:	0
